<?xml version="1.0" encoding="UTF-8"?>
<testng-results ignored="0" total="1" passed="1" failed="0" skipped="0">
  <reporter-output>
  </reporter-output>
  <suite started-at="2023-06-30T10:55:39 IST" name="Default suite" finished-at="2023-06-30T10:55:47 IST" duration-ms="8264">
    <groups>
    </groups>
    <test started-at="2023-06-30T10:55:39 IST" name="Default test" finished-at="2023-06-30T10:55:47 IST" duration-ms="8264">
      <class name="TestNG_Demo1">
        <test-method signature="verifyHomepageTitle()[pri:0, instance:TestNG_Demo1@18078bef]" started-at="2023-06-30T10:55:39 IST" name="verifyHomepageTitle" finished-at="2023-06-30T10:55:47 IST" duration-ms="8219" status="PASS">
          <reporter-output>
          </reporter-output>
        </test-method> <!-- verifyHomepageTitle -->
      </class> <!-- TestNG_Demo1 -->
    </test> <!-- Default test -->
  </suite> <!-- Default suite -->
</testng-results>
